[debug] [2024-02-19T08:27:51.491Z] ----------------------------------------------------------------------
[debug] [2024-02-19T08:27:51.501Z] Command:       C:\Program Files\nodejs\node.exe C:\Users\User\AppData\Roaming\npm\node_modules\firebase-tools\lib\bin\firebase.js init
[debug] [2024-02-19T08:27:51.502Z] CLI Version:   13.0.2
[debug] [2024-02-19T08:27:51.502Z] Platform:      win32
[debug] [2024-02-19T08:27:51.503Z] Node Version:  v21.5.0
[debug] [2024-02-19T08:27:51.503Z] Time:          Mon Feb 19 2024 14:27:51 GMT+0600 (Bangladesh Standard Time)
[debug] [2024-02-19T08:27:51.503Z] ----------------------------------------------------------------------
[debug] 
[debug] [2024-02-19T08:27:51.510Z] >>> [apiv2][query] GET https://firebase-public.firebaseio.com/cli.json [none]
[debug] [2024-02-19T08:27:51.603Z] > command requires scopes: ["email","openid","https://www.googleapis.com/auth/cloudplatformprojects.readonly","https://www.googleapis.com/auth/firebase","https://www.googleapis.com/auth/cloud-platform"]
[debug] [2024-02-19T08:27:51.603Z] > authorizing via signed-in user (ritu.pramanik1@gmail.com)
[info] 
     ######## #### ########  ######## ########     ###     ######  ########
     ##        ##  ##     ## ##       ##     ##  ##   ##  ##       ##
     ######    ##  ########  ######   ########  #########  ######  ######
     ##        ##  ##    ##  ##       ##     ## ##     ##       ## ##
     ##       #### ##     ## ######## ########  ##     ##  ######  ########

You're about to initialize a Firebase project in this directory:

  C:\Ritu\virtual-event

Before we get started, keep in mind:

  * You are currently outside your home directory

[debug] [2024-02-19T08:27:52.397Z] <<< [apiv2][status] GET https://firebase-public.firebaseio.com/cli.json 200
[debug] [2024-02-19T08:27:52.398Z] <<< [apiv2][body] GET https://firebase-public.firebaseio.com/cli.json {"cloudBuildErrorAfter":1594252800000,"cloudBuildWarnAfter":1590019200000,"defaultNode10After":1594252800000,"minVersion":"3.0.5","node8DeploysDisabledAfter":1613390400000,"node8RuntimeDisabledAfter":1615809600000,"node8WarnAfter":1600128000000}
[info] 
=== Project Setup
[info] 
[info] First, let's associate this project directory with a Firebase project.
[info] You can create multiple project aliases by running firebase use --add, 
[info] but for now we'll just set up a default project.
[info] 
[debug] [2024-02-19T08:28:50.910Z] > refreshing access token with scopes: []
[debug] [2024-02-19T08:28:50.912Z] >>> [apiv2][query] POST https://www.googleapis.com/oauth2/v3/token [none]
[debug] [2024-02-19T08:28:50.912Z] >>> [apiv2][body] POST https://www.googleapis.com/oauth2/v3/token [omitted]
[debug] [2024-02-19T08:28:51.284Z] <<< [apiv2][status] POST https://www.googleapis.com/oauth2/v3/token 200
[debug] [2024-02-19T08:28:51.285Z] <<< [apiv2][body] POST https://www.googleapis.com/oauth2/v3/token [omitted]
[debug] [2024-02-19T08:28:51.299Z] >>> [apiv2][query] GET https://firebase.googleapis.com/v1beta1/projects pageSize=100
[debug] [2024-02-19T08:28:53.021Z] <<< [apiv2][status] GET https://firebase.googleapis.com/v1beta1/projects 200
[debug] [2024-02-19T08:28:53.021Z] <<< [apiv2][body] GET https://firebase.googleapis.com/v1beta1/projects [omitted]
[info] i  Using project virtual-event-space-27375 (virtual-event-space) 
[info] 
=== Hosting Setup
[debug] [2024-02-19T08:29:06.303Z] >>> [apiv2][query] GET https://firebase.googleapis.com/v1beta1/projects/virtual-event-space-27375 [none]
[debug] [2024-02-19T08:29:08.102Z] <<< [apiv2][status] GET https://firebase.googleapis.com/v1beta1/projects/virtual-event-space-27375 200
[debug] [2024-02-19T08:29:08.103Z] <<< [apiv2][body] GET https://firebase.googleapis.com/v1beta1/projects/virtual-event-space-27375 {"projectId":"virtual-event-space-27375","projectNumber":"1098716865490","displayName":"virtual-event-space","name":"projects/virtual-event-space-27375","resources":{"hostingSite":"virtual-event-space-27375"},"state":"ACTIVE","etag":"1_ea5003a5-31f5-4923-bbf1-80d16d6dcd78"}
